<?xml version="1.0" encoding="UTF-8"?>
<!-- Generated by org.testng.reporters.JUnitReportReporter -->
<testsuite hostname="Arunima" failures="0" tests="1" name="TestScripts.QALegendUserTest" time="19.560" errors="0" timestamp="2025-07-10T17:59:16 EDT" skipped="0">
  <testcase classname="TestScripts.QALegendUserTest" name="addClient" time="19.560"/>
</testsuite> <!-- TestScripts.QALegendUserTest -->
