<?xml version="1.0" encoding="UTF-8"?>
<!-- Generated by org.testng.reporters.JUnitReportReporter -->
<testsuite hostname="Arunima" failures="0" tests="1" name="TestScripts.QALegendUserTest" time="24.657" errors="0" timestamp="2025-07-16T22:23:07 EDT" skipped="0">
  <testcase classname="TestScripts.QALegendUserTest" name="editClient" time="24.657"/>
</testsuite> <!-- TestScripts.QALegendUserTest -->
