<?xml version="1.0" encoding="UTF-8"?>
<!-- Generated by org.testng.reporters.JUnitReportReporter -->
<testsuite hostname="Arunima" failures="0" tests="1" name="TestScripts.QALegendProjectsTest" time="10.200" errors="0" timestamp="2025-07-03T17:06:09 EDT" skipped="0">
  <testcase classname="TestScripts.QALegendProjectsTest" name="searchAProject" time="10.200"/>
</testsuite> <!-- TestScripts.QALegendProjectsTest -->
