<?xml version="1.0" encoding="UTF-8"?>
<!-- Generated by org.testng.reporters.JUnitReportReporter -->
<testsuite hostname="Arunima" failures="0" tests="1" name="TestScripts.QALegendProjectsTest" time="11.927" errors="0" timestamp="2025-07-14T21:17:58 EDT" skipped="0">
  <testcase classname="TestScripts.QALegendProjectsTest" name="deleteAProject" time="11.927"/>
</testsuite> <!-- TestScripts.QALegendProjectsTest -->
