<?xml version="1.0" encoding="UTF-8"?>
<!-- Generated by org.testng.reporters.JUnitReportReporter -->
<testsuite hostname="Arunima" failures="0" tests="1" name="TestScripts.QALegendInvoicesTest" time="14.870" errors="0" timestamp="2025-07-16T18:05:13 EDT" skipped="0">
  <testcase classname="TestScripts.QALegendInvoicesTest" name="deleteanInvoice" time="14.870"/>
</testsuite> <!-- TestScripts.QALegendInvoicesTest -->
