<?xml version="1.0" encoding="UTF-8"?>
<!-- Generated by org.testng.reporters.JUnitReportReporter -->
<testsuite hostname="Arunima" failures="0" tests="1" name="TestScripts.QALegendUserTest" time="22.468" errors="0" timestamp="2025-07-14T21:59:30 EDT" skipped="0">
  <testcase classname="TestScripts.QALegendUserTest" name="deleteClient" time="22.468"/>
</testsuite> <!-- TestScripts.QALegendUserTest -->
