<?xml version="1.0" encoding="UTF-8"?>
<!-- Generated by org.testng.reporters.JUnitReportReporter -->
<testsuite hostname="Arunima" failures="0" tests="1" name="TestScripts.QALegendProjectsTest" time="10.276" errors="0" timestamp="2025-07-16T18:27:52 EDT" skipped="0">
  <testcase classname="TestScripts.QALegendProjectsTest" name="addANewTask" time="10.276"/>
</testsuite> <!-- TestScripts.QALegendProjectsTest -->
