<?xml version="1.0" encoding="UTF-8"?>
<!-- Generated by org.testng.reporters.JUnitReportReporter -->
<testsuite hostname="Arunima" failures="0" tests="1" name="TestScripts.QALegendUserTest" time="16.404" errors="0" timestamp="2025-07-03T16:41:18 EDT" skipped="0">
  <testcase classname="TestScripts.QALegendUserTest" name="editClient" time="16.404"/>
</testsuite> <!-- TestScripts.QALegendUserTest -->
